[ 2025-04-08 21:18:06,085 ] 21 root - INFO - Initiate the data ingestion
[ 2025-04-08 21:18:06,207 ] 64 root - INFO - Performed train test split on the dataframe
[ 2025-04-08 21:18:06,207 ] 66 root - INFO - Exited split_data_as_train_test method of Data_Ingestion class
[ 2025-04-08 21:18:06,207 ] 74 root - INFO - Exporting train and test file path.
[ 2025-04-08 21:18:06,279 ] 83 root - INFO - Exported train and test file path.
[ 2025-04-08 21:18:06,280 ] 23 root - INFO - Data Initiation Completed
[ 2025-04-08 21:18:06,286 ] 28 root - INFO - Initiate the data Validation
[ 2025-04-08 21:18:06,345 ] 32 root - INFO - Required number of columns:2
[ 2025-04-08 21:18:06,345 ] 33 root - INFO - Data frame has columns:31
[ 2025-04-08 21:18:06,346 ] 32 root - INFO - Required number of columns:2
[ 2025-04-08 21:18:06,346 ] 33 root - INFO - Data frame has columns:31
[ 2025-04-08 21:18:06,539 ] 30 root - INFO - data Validation Completed
[ 2025-04-08 21:18:06,540 ] 34 root - INFO - data Transformation started
[ 2025-04-08 21:18:06,540 ] 63 root - INFO - Entered initiate_data_transformation method of DataTransformation class
[ 2025-04-08 21:18:06,540 ] 65 root - INFO - Starting data transformation
[ 2025-04-08 21:18:06,573 ] 48 root - INFO - Entered get_data_trnasformer_object method of Trnasformation class
[ 2025-04-08 21:18:06,573 ] 53 root - INFO - Initialise KNNImputer with {'missing_values': nan, 'n_neighbors': 3, 'weights': 'uniform'}
[ 2025-04-08 21:18:06,584 ] 46 root - INFO - Entered the save_object method of MainUtils class
[ 2025-04-08 21:18:06,588 ] 50 root - INFO - Exited the save_object method of MainUtils class
[ 2025-04-08 21:18:06,589 ] 46 root - INFO - Entered the save_object method of MainUtils class
[ 2025-04-08 21:18:06,591 ] 50 root - INFO - Exited the save_object method of MainUtils class
[ 2025-04-08 21:18:06,592 ] 38 root - INFO - data Transformation completed
[ 2025-04-08 21:18:06,593 ] 40 root - INFO - Model Training sstared
