[ 2025-04-09 17:04:49,767 ] 1025 httpx - INFO - HTTP Request: GET https://dagshub.com/api/v1/user "HTTP/1.1 200 OK"
[ 2025-04-09 17:04:49,777 ] 107 dagshub - INFO - Accessing as abh.tft
[ 2025-04-09 17:04:50,498 ] 1025 httpx - INFO - HTTP Request: GET https://dagshub.com/api/v1/repos/abh.tft/networksecurity "HTTP/1.1 200 OK"
[ 2025-04-09 17:04:51,245 ] 1025 httpx - INFO - HTTP Request: GET https://dagshub.com/api/v1/user "HTTP/1.1 200 OK"
[ 2025-04-09 17:04:51,254 ] 107 dagshub - INFO - Initialized MLflow to track repo "abh.tft/networksecurity"
[ 2025-04-09 17:04:51,258 ] 107 dagshub - INFO - Repository abh.tft/networksecurity initialized!
[ 2025-04-09 17:04:51,260 ] 22 root - INFO - Initiate the data ingestion
[ 2025-04-09 17:04:51,382 ] 64 root - INFO - Performed train test split on the dataframe
[ 2025-04-09 17:04:51,382 ] 66 root - INFO - Exited split_data_as_train_test method of Data_Ingestion class
[ 2025-04-09 17:04:51,382 ] 74 root - INFO - Exporting train and test file path.
[ 2025-04-09 17:04:51,453 ] 83 root - INFO - Exported train and test file path.
[ 2025-04-09 17:04:51,454 ] 24 root - INFO - Data Initiation Completed
[ 2025-04-09 17:04:51,461 ] 29 root - INFO - Initiate the data Validation
[ 2025-04-09 17:04:51,529 ] 32 root - INFO - Required number of columns:2
[ 2025-04-09 17:04:51,529 ] 33 root - INFO - Data frame has columns:31
[ 2025-04-09 17:04:51,529 ] 32 root - INFO - Required number of columns:2
[ 2025-04-09 17:04:51,529 ] 33 root - INFO - Data frame has columns:31
[ 2025-04-09 17:04:51,688 ] 31 root - INFO - data Validation Completed
[ 2025-04-09 17:04:51,688 ] 35 root - INFO - data Transformation started
[ 2025-04-09 17:04:51,688 ] 63 root - INFO - Entered initiate_data_transformation method of DataTransformation class
[ 2025-04-09 17:04:51,689 ] 65 root - INFO - Starting data transformation
[ 2025-04-09 17:04:51,714 ] 48 root - INFO - Entered get_data_trnasformer_object method of Trnasformation class
[ 2025-04-09 17:04:51,715 ] 53 root - INFO - Initialise KNNImputer with {'missing_values': nan, 'n_neighbors': 3, 'weights': 'uniform'}
[ 2025-04-09 17:04:51,729 ] 46 root - INFO - Entered the save_object method of MainUtils class
[ 2025-04-09 17:04:51,733 ] 50 root - INFO - Exited the save_object method of MainUtils class
[ 2025-04-09 17:04:51,733 ] 46 root - INFO - Entered the save_object method of MainUtils class
[ 2025-04-09 17:04:51,734 ] 50 root - INFO - Exited the save_object method of MainUtils class
[ 2025-04-09 17:04:51,735 ] 39 root - INFO - data Transformation completed
[ 2025-04-09 17:04:51,735 ] 41 root - INFO - Model Training sstared
