[ 2025-04-11 18:49:12,860 ] 1025 httpx - INFO - HTTP Request: GET https://dagshub.com/api/v1/user "HTTP/1.1 200 OK"
[ 2025-04-11 18:49:12,866 ] 107 dagshub - INFO - Accessing as abh.tft
[ 2025-04-11 18:49:23,968 ] 1025 httpx - INFO - HTTP Request: GET https://dagshub.com/api/v1/repos/abh.tft/networksecurity "HTTP/1.1 200 OK"
[ 2025-04-11 18:49:25,747 ] 1025 httpx - INFO - HTTP Request: GET https://dagshub.com/api/v1/user "HTTP/1.1 200 OK"
[ 2025-04-11 18:49:25,758 ] 107 dagshub - INFO - Initialized MLflow to track repo "abh.tft/networksecurity"
[ 2025-04-11 18:49:25,763 ] 107 dagshub - INFO - Repository abh.tft/networksecurity initialized!
[ 2025-04-11 18:49:34,841 ] 42 root - INFO - Start data Ingestion
[ 2025-04-11 18:49:34,949 ] 64 root - INFO - Performed train test split on the dataframe
[ 2025-04-11 18:49:34,949 ] 66 root - INFO - Exited split_data_as_train_test method of Data_Ingestion class
[ 2025-04-11 18:49:34,950 ] 74 root - INFO - Exporting train and test file path.
[ 2025-04-11 18:49:35,023 ] 83 root - INFO - Exported train and test file path.
[ 2025-04-11 18:49:35,024 ] 45 root - INFO - Data Ingestion completed and artifact: DataIngestionArtifact(trained_file_path='Artifacts\\04_11_2025_18_49_08\\data_ingestion\\ingested\\train.csv', test_file_path='Artifacts\\04_11_2025_18_49_08\\data_ingestion\\ingested\\test.csv')
[ 2025-04-11 18:49:35,029 ] 55 root - INFO - Initiate the data Validation
[ 2025-04-11 18:49:35,094 ] 32 root - INFO - Required number of columns:2
[ 2025-04-11 18:49:35,094 ] 33 root - INFO - Data frame has columns:31
[ 2025-04-11 18:49:35,094 ] 32 root - INFO - Required number of columns:2
[ 2025-04-11 18:49:35,094 ] 33 root - INFO - Data frame has columns:31
[ 2025-04-11 18:49:35,298 ] 63 root - INFO - Entered initiate_data_transformation method of DataTransformation class
[ 2025-04-11 18:49:35,299 ] 65 root - INFO - Starting data transformation
[ 2025-04-11 18:49:35,326 ] 48 root - INFO - Entered get_data_trnasformer_object method of Trnasformation class
[ 2025-04-11 18:49:35,326 ] 53 root - INFO - Initialise KNNImputer with {'missing_values': nan, 'n_neighbors': 3, 'weights': 'uniform'}
[ 2025-04-11 18:49:35,336 ] 46 root - INFO - Entered the save_object method of MainUtils class
[ 2025-04-11 18:49:35,340 ] 50 root - INFO - Exited the save_object method of MainUtils class
[ 2025-04-11 18:49:35,340 ] 46 root - INFO - Entered the save_object method of MainUtils class
[ 2025-04-11 18:49:35,344 ] 50 root - INFO - Exited the save_object method of MainUtils class
[ 2025-04-11 18:51:58,707 ] 46 root - INFO - Entered the save_object method of MainUtils class
[ 2025-04-11 18:51:58,708 ] 50 root - INFO - Exited the save_object method of MainUtils class
[ 2025-04-11 18:51:58,708 ] 46 root - INFO - Entered the save_object method of MainUtils class
[ 2025-04-11 18:51:58,717 ] 50 root - INFO - Exited the save_object method of MainUtils class
[ 2025-04-11 18:51:58,718 ] 156 root - INFO - Model trainer artifact: ModelTrainerArtifact(trained_model_file_path='Artifacts\\04_11_2025_18_49_08\\model_trainer\\trained_model\\model.pkl', train_metric_artifact=ClassificationMetricArtifact(f1_score=0.9916292364230298, precision_score=0.9890042761148442, recall_score=0.9942681678607984), test_metric_artifact=ClassificationMetricArtifact(f1_score=0.9758378799688231, precision_score=0.9675425038639877, recall_score=0.9842767295597484))
