[ 2025-04-11 18:15:19,458 ] 1025 httpx - INFO - HTTP Request: GET https://dagshub.com/api/v1/user "HTTP/1.1 200 OK"
[ 2025-04-11 18:15:19,465 ] 107 dagshub - INFO - Accessing as abh.tft
[ 2025-04-11 18:15:19,997 ] 1025 httpx - INFO - HTTP Request: GET https://dagshub.com/api/v1/repos/abh.tft/networksecurity "HTTP/1.1 200 OK"
[ 2025-04-11 18:15:20,414 ] 1025 httpx - INFO - HTTP Request: GET https://dagshub.com/api/v1/user "HTTP/1.1 200 OK"
[ 2025-04-11 18:15:20,418 ] 107 dagshub - INFO - Initialized MLflow to track repo "abh.tft/networksecurity"
[ 2025-04-11 18:15:20,419 ] 107 dagshub - INFO - Repository abh.tft/networksecurity initialized!
[ 2025-04-11 18:15:37,232 ] 42 root - INFO - Start data Ingestion
[ 2025-04-11 18:15:37,381 ] 64 root - INFO - Performed train test split on the dataframe
[ 2025-04-11 18:15:37,381 ] 66 root - INFO - Exited split_data_as_train_test method of Data_Ingestion class
[ 2025-04-11 18:15:37,382 ] 74 root - INFO - Exporting train and test file path.
[ 2025-04-11 18:15:37,491 ] 83 root - INFO - Exported train and test file path.
[ 2025-04-11 18:15:37,491 ] 45 root - INFO - Data Ingestion completed and artifact: DataIngestionArtifact(trained_file_path='Artifacts\\04_11_2025_18_15_14\\data_ingestion\\ingested\\train.csv', test_file_path='Artifacts\\04_11_2025_18_15_14\\data_ingestion\\ingested\\test.csv')
[ 2025-04-11 18:15:37,500 ] 55 root - INFO - Initiate the data Validation
[ 2025-04-11 18:15:37,577 ] 32 root - INFO - Required number of columns:2
[ 2025-04-11 18:15:37,577 ] 33 root - INFO - Data frame has columns:31
[ 2025-04-11 18:15:37,577 ] 32 root - INFO - Required number of columns:2
[ 2025-04-11 18:15:37,578 ] 33 root - INFO - Data frame has columns:31
[ 2025-04-11 18:15:37,788 ] 63 root - INFO - Entered initiate_data_transformation method of DataTransformation class
[ 2025-04-11 18:15:37,788 ] 65 root - INFO - Starting data transformation
[ 2025-04-11 18:15:37,818 ] 48 root - INFO - Entered get_data_trnasformer_object method of Trnasformation class
[ 2025-04-11 18:15:37,818 ] 53 root - INFO - Initialise KNNImputer with {'missing_values': nan, 'n_neighbors': 3, 'weights': 'uniform'}
[ 2025-04-11 18:15:37,833 ] 46 root - INFO - Entered the save_object method of MainUtils class
[ 2025-04-11 18:15:37,837 ] 50 root - INFO - Exited the save_object method of MainUtils class
[ 2025-04-11 18:15:37,837 ] 46 root - INFO - Entered the save_object method of MainUtils class
[ 2025-04-11 18:15:37,839 ] 50 root - INFO - Exited the save_object method of MainUtils class
[ 2025-04-11 18:19:07,604 ] 46 root - INFO - Entered the save_object method of MainUtils class
[ 2025-04-11 18:19:07,605 ] 50 root - INFO - Exited the save_object method of MainUtils class
[ 2025-04-11 18:19:07,605 ] 46 root - INFO - Entered the save_object method of MainUtils class
[ 2025-04-11 18:19:07,629 ] 50 root - INFO - Exited the save_object method of MainUtils class
[ 2025-04-11 18:19:07,629 ] 156 root - INFO - Model trainer artifact: ModelTrainerArtifact(trained_model_file_path='Artifacts\\04_11_2025_18_15_14\\model_trainer\\trained_model\\model.pkl', train_metric_artifact=ClassificationMetricArtifact(f1_score=0.9915662650602409, precision_score=0.9881929157494497, recall_score=0.994962724158775), test_metric_artifact=ClassificationMetricArtifact(f1_score=0.9739776951672863, precision_score=0.960880195599022, recall_score=0.9874371859296482))
