[ 2025-04-11 16:51:29,855 ] 1025 httpx - INFO - HTTP Request: GET https://dagshub.com/api/v1/user "HTTP/1.1 200 OK"
[ 2025-04-11 16:51:29,861 ] 107 dagshub - INFO - Accessing as abh.tft
[ 2025-04-11 16:51:30,742 ] 1025 httpx - INFO - HTTP Request: GET https://dagshub.com/api/v1/repos/abh.tft/networksecurity "HTTP/1.1 200 OK"
[ 2025-04-11 16:51:31,244 ] 1025 httpx - INFO - HTTP Request: GET https://dagshub.com/api/v1/user "HTTP/1.1 200 OK"
[ 2025-04-11 16:51:31,248 ] 107 dagshub - INFO - Initialized MLflow to track repo "abh.tft/networksecurity"
[ 2025-04-11 16:51:31,249 ] 107 dagshub - INFO - Repository abh.tft/networksecurity initialized!
[ 2025-04-11 16:51:46,148 ] 42 root - INFO - Start data Ingestion
[ 2025-04-11 16:51:46,281 ] 64 root - INFO - Performed train test split on the dataframe
[ 2025-04-11 16:51:46,281 ] 66 root - INFO - Exited split_data_as_train_test method of Data_Ingestion class
[ 2025-04-11 16:51:46,282 ] 74 root - INFO - Exporting train and test file path.
[ 2025-04-11 16:51:46,367 ] 83 root - INFO - Exported train and test file path.
[ 2025-04-11 16:51:46,367 ] 45 root - INFO - Data Ingestion completed and artifact: DataIngestionArtifact(trained_file_path='Artifacts\\04_11_2025_16_51_24\\data_ingestion\\ingested\\train.csv', test_file_path='Artifacts\\04_11_2025_16_51_24\\data_ingestion\\ingested\\test.csv')
[ 2025-04-11 16:51:46,373 ] 55 root - INFO - Initiate the data Validation
[ 2025-04-11 16:51:46,437 ] 32 root - INFO - Required number of columns:2
[ 2025-04-11 16:51:46,437 ] 33 root - INFO - Data frame has columns:31
[ 2025-04-11 16:51:46,437 ] 32 root - INFO - Required number of columns:2
[ 2025-04-11 16:51:46,437 ] 33 root - INFO - Data frame has columns:31
[ 2025-04-11 16:51:46,610 ] 63 root - INFO - Entered initiate_data_transformation method of DataTransformation class
[ 2025-04-11 16:51:46,610 ] 65 root - INFO - Starting data transformation
[ 2025-04-11 16:51:46,637 ] 48 root - INFO - Entered get_data_trnasformer_object method of Trnasformation class
[ 2025-04-11 16:51:46,637 ] 53 root - INFO - Initialise KNNImputer with {'missing_values': nan, 'n_neighbors': 3, 'weights': 'uniform'}
[ 2025-04-11 16:51:46,649 ] 46 root - INFO - Entered the save_object method of MainUtils class
[ 2025-04-11 16:51:46,652 ] 50 root - INFO - Exited the save_object method of MainUtils class
[ 2025-04-11 16:51:46,652 ] 46 root - INFO - Entered the save_object method of MainUtils class
[ 2025-04-11 16:51:46,654 ] 50 root - INFO - Exited the save_object method of MainUtils class
[ 2025-04-11 16:55:48,243 ] 46 root - INFO - Entered the save_object method of MainUtils class
[ 2025-04-11 16:55:48,245 ] 50 root - INFO - Exited the save_object method of MainUtils class
[ 2025-04-11 16:55:48,245 ] 46 root - INFO - Entered the save_object method of MainUtils class
[ 2025-04-11 16:55:48,287 ] 50 root - INFO - Exited the save_object method of MainUtils class
[ 2025-04-11 16:55:48,287 ] 156 root - INFO - Model trainer artifact: ModelTrainerArtifact(trained_model_file_path='Artifacts\\04_11_2025_16_51_24\\model_trainer\\trained_model\\model.pkl', train_metric_artifact=ClassificationMetricArtifact(f1_score=0.9907642342433777, precision_score=0.9882567321320105, recall_score=0.9932844932844933), test_metric_artifact=ClassificationMetricArtifact(f1_score=0.9755118426334806, precision_score=0.9735576923076923, recall_score=0.9774738535800482))
