[ 2025-04-09 17:33:19,330 ] 1025 httpx - INFO - HTTP Request: GET https://dagshub.com/api/v1/user "HTTP/1.1 200 OK"
[ 2025-04-09 17:33:19,348 ] 107 dagshub - INFO - Accessing as abh.tft
[ 2025-04-09 17:33:20,123 ] 1025 httpx - INFO - HTTP Request: GET https://dagshub.com/api/v1/repos/abh.tft/networksecurity "HTTP/1.1 200 OK"
[ 2025-04-09 17:33:20,823 ] 1025 httpx - INFO - HTTP Request: GET https://dagshub.com/api/v1/user "HTTP/1.1 200 OK"
[ 2025-04-09 17:33:20,833 ] 107 dagshub - INFO - Initialized MLflow to track repo "abh.tft/networksecurity"
[ 2025-04-09 17:33:20,837 ] 107 dagshub - INFO - Repository abh.tft/networksecurity initialized!
[ 2025-04-09 17:33:20,838 ] 22 root - INFO - Initiate the data ingestion
[ 2025-04-09 17:33:20,959 ] 64 root - INFO - Performed train test split on the dataframe
[ 2025-04-09 17:33:20,959 ] 66 root - INFO - Exited split_data_as_train_test method of Data_Ingestion class
[ 2025-04-09 17:33:20,960 ] 74 root - INFO - Exporting train and test file path.
[ 2025-04-09 17:33:21,026 ] 83 root - INFO - Exported train and test file path.
[ 2025-04-09 17:33:21,027 ] 24 root - INFO - Data Initiation Completed
[ 2025-04-09 17:33:21,035 ] 29 root - INFO - Initiate the data Validation
[ 2025-04-09 17:33:21,096 ] 32 root - INFO - Required number of columns:2
[ 2025-04-09 17:33:21,097 ] 33 root - INFO - Data frame has columns:31
[ 2025-04-09 17:33:21,097 ] 32 root - INFO - Required number of columns:2
[ 2025-04-09 17:33:21,097 ] 33 root - INFO - Data frame has columns:31
[ 2025-04-09 17:33:21,249 ] 31 root - INFO - data Validation Completed
[ 2025-04-09 17:33:21,249 ] 35 root - INFO - data Transformation started
[ 2025-04-09 17:33:21,249 ] 63 root - INFO - Entered initiate_data_transformation method of DataTransformation class
[ 2025-04-09 17:33:21,250 ] 65 root - INFO - Starting data transformation
[ 2025-04-09 17:33:21,273 ] 48 root - INFO - Entered get_data_trnasformer_object method of Trnasformation class
[ 2025-04-09 17:33:21,273 ] 53 root - INFO - Initialise KNNImputer with {'missing_values': nan, 'n_neighbors': 3, 'weights': 'uniform'}
[ 2025-04-09 17:33:21,288 ] 46 root - INFO - Entered the save_object method of MainUtils class
[ 2025-04-09 17:33:21,291 ] 50 root - INFO - Exited the save_object method of MainUtils class
[ 2025-04-09 17:33:21,291 ] 46 root - INFO - Entered the save_object method of MainUtils class
[ 2025-04-09 17:33:21,293 ] 50 root - INFO - Exited the save_object method of MainUtils class
[ 2025-04-09 17:33:21,294 ] 39 root - INFO - data Transformation completed
[ 2025-04-09 17:33:21,294 ] 41 root - INFO - Model Training sstared
[ 2025-04-09 17:36:53,009 ] 46 root - INFO - Entered the save_object method of MainUtils class
[ 2025-04-09 17:36:53,010 ] 50 root - INFO - Exited the save_object method of MainUtils class
[ 2025-04-09 17:36:53,010 ] 46 root - INFO - Entered the save_object method of MainUtils class
[ 2025-04-09 17:36:53,034 ] 50 root - INFO - Exited the save_object method of MainUtils class
[ 2025-04-09 17:36:53,034 ] 156 root - INFO - Model trainer artifact: ModelTrainerArtifact(trained_model_file_path='Artifacts\\04_09_2025_17_33_13\\model_trainer\\trained_model\\model.pkl', train_metric_artifact=ClassificationMetricArtifact(f1_score=0.9912796592983167, precision_score=0.9890732496964791, recall_score=0.9934959349593496), test_metric_artifact=ClassificationMetricArtifact(f1_score=0.9749596122778675, precision_score=0.9741727199354318, recall_score=0.9757477768795473))
[ 2025-04-09 17:36:53,036 ] 46 root - INFO - Model Training artifact created
