[ 2025-04-10 21:42:25,529 ] 1025 httpx - INFO - HTTP Request: GET https://dagshub.com/api/v1/user "HTTP/1.1 200 OK"
[ 2025-04-10 21:42:25,537 ] 107 dagshub - INFO - Accessing as abh.tft
[ 2025-04-10 21:42:26,521 ] 1025 httpx - INFO - HTTP Request: GET https://dagshub.com/api/v1/repos/abh.tft/networksecurity "HTTP/1.1 200 OK"
[ 2025-04-10 21:42:27,062 ] 1025 httpx - INFO - HTTP Request: GET https://dagshub.com/api/v1/user "HTTP/1.1 200 OK"
[ 2025-04-10 21:42:27,065 ] 107 dagshub - INFO - Initialized MLflow to track repo "abh.tft/networksecurity"
[ 2025-04-10 21:42:27,067 ] 107 dagshub - INFO - Repository abh.tft/networksecurity initialized!
[ 2025-04-10 21:44:24,240 ] 42 root - INFO - Start data Ingestion
[ 2025-04-10 21:44:24,363 ] 64 root - INFO - Performed train test split on the dataframe
[ 2025-04-10 21:44:24,363 ] 66 root - INFO - Exited split_data_as_train_test method of Data_Ingestion class
[ 2025-04-10 21:44:24,363 ] 74 root - INFO - Exporting train and test file path.
[ 2025-04-10 21:44:24,438 ] 83 root - INFO - Exported train and test file path.
[ 2025-04-10 21:44:24,438 ] 45 root - INFO - Data Ingestion completed and artifact: DataIngestionArtifact(trained_file_path='Artifacts\\04_10_2025_21_42_20\\data_ingestion\\ingested\\train.csv', test_file_path='Artifacts\\04_10_2025_21_42_20\\data_ingestion\\ingested\\test.csv')
[ 2025-04-10 21:44:24,445 ] 55 root - INFO - Initiate the data Validation
[ 2025-04-10 21:44:24,504 ] 32 root - INFO - Required number of columns:2
[ 2025-04-10 21:44:24,504 ] 33 root - INFO - Data frame has columns:31
[ 2025-04-10 21:44:24,504 ] 32 root - INFO - Required number of columns:2
[ 2025-04-10 21:44:24,504 ] 33 root - INFO - Data frame has columns:31
[ 2025-04-10 21:44:24,717 ] 63 root - INFO - Entered initiate_data_transformation method of DataTransformation class
[ 2025-04-10 21:44:24,717 ] 65 root - INFO - Starting data transformation
[ 2025-04-10 21:44:24,745 ] 48 root - INFO - Entered get_data_trnasformer_object method of Trnasformation class
[ 2025-04-10 21:44:24,745 ] 53 root - INFO - Initialise KNNImputer with {'missing_values': nan, 'n_neighbors': 3, 'weights': 'uniform'}
[ 2025-04-10 21:44:24,760 ] 46 root - INFO - Entered the save_object method of MainUtils class
[ 2025-04-10 21:44:24,763 ] 50 root - INFO - Exited the save_object method of MainUtils class
[ 2025-04-10 21:44:24,763 ] 46 root - INFO - Entered the save_object method of MainUtils class
[ 2025-04-10 21:44:24,765 ] 50 root - INFO - Exited the save_object method of MainUtils class
[ 2025-04-10 21:47:49,115 ] 46 root - INFO - Entered the save_object method of MainUtils class
[ 2025-04-10 21:47:49,116 ] 50 root - INFO - Exited the save_object method of MainUtils class
[ 2025-04-10 21:47:49,116 ] 46 root - INFO - Entered the save_object method of MainUtils class
[ 2025-04-10 21:47:49,143 ] 50 root - INFO - Exited the save_object method of MainUtils class
[ 2025-04-10 21:47:49,143 ] 156 root - INFO - Model trainer artifact: ModelTrainerArtifact(trained_model_file_path='Artifacts\\04_10_2025_21_42_20\\model_trainer\\trained_model\\model.pkl', train_metric_artifact=ClassificationMetricArtifact(f1_score=0.9913096820366015, precision_score=0.9901960784313726, recall_score=0.9924257932446264), test_metric_artifact=ClassificationMetricArtifact(f1_score=0.9776908023483366, precision_score=0.9734996102883866, recall_score=0.9819182389937107))
