[ 2025-04-11 18:42:16,768 ] 1025 httpx - INFO - HTTP Request: GET https://dagshub.com/api/v1/user "HTTP/1.1 200 OK"
[ 2025-04-11 18:42:16,786 ] 107 dagshub - INFO - Accessing as abh.tft
[ 2025-04-11 18:42:17,672 ] 1025 httpx - INFO - HTTP Request: GET https://dagshub.com/api/v1/repos/abh.tft/networksecurity "HTTP/1.1 200 OK"
[ 2025-04-11 18:42:18,188 ] 1025 httpx - INFO - HTTP Request: GET https://dagshub.com/api/v1/user "HTTP/1.1 200 OK"
[ 2025-04-11 18:42:18,195 ] 107 dagshub - INFO - Initialized MLflow to track repo "abh.tft/networksecurity"
[ 2025-04-11 18:42:18,198 ] 107 dagshub - INFO - Repository abh.tft/networksecurity initialized!
[ 2025-04-11 18:42:36,939 ] 42 root - INFO - Start data Ingestion
[ 2025-04-11 18:42:37,102 ] 64 root - INFO - Performed train test split on the dataframe
[ 2025-04-11 18:42:37,102 ] 66 root - INFO - Exited split_data_as_train_test method of Data_Ingestion class
[ 2025-04-11 18:42:37,102 ] 74 root - INFO - Exporting train and test file path.
[ 2025-04-11 18:42:37,172 ] 83 root - INFO - Exported train and test file path.
[ 2025-04-11 18:42:37,173 ] 45 root - INFO - Data Ingestion completed and artifact: DataIngestionArtifact(trained_file_path='Artifacts\\04_11_2025_18_42_12\\data_ingestion\\ingested\\train.csv', test_file_path='Artifacts\\04_11_2025_18_42_12\\data_ingestion\\ingested\\test.csv')
[ 2025-04-11 18:42:37,178 ] 55 root - INFO - Initiate the data Validation
[ 2025-04-11 18:42:37,236 ] 32 root - INFO - Required number of columns:2
[ 2025-04-11 18:42:37,236 ] 33 root - INFO - Data frame has columns:31
[ 2025-04-11 18:42:37,236 ] 32 root - INFO - Required number of columns:2
[ 2025-04-11 18:42:37,236 ] 33 root - INFO - Data frame has columns:31
[ 2025-04-11 18:42:37,399 ] 63 root - INFO - Entered initiate_data_transformation method of DataTransformation class
[ 2025-04-11 18:42:37,399 ] 65 root - INFO - Starting data transformation
[ 2025-04-11 18:42:37,435 ] 48 root - INFO - Entered get_data_trnasformer_object method of Trnasformation class
[ 2025-04-11 18:42:37,436 ] 53 root - INFO - Initialise KNNImputer with {'missing_values': nan, 'n_neighbors': 3, 'weights': 'uniform'}
[ 2025-04-11 18:42:37,452 ] 46 root - INFO - Entered the save_object method of MainUtils class
[ 2025-04-11 18:42:37,455 ] 50 root - INFO - Exited the save_object method of MainUtils class
[ 2025-04-11 18:42:37,456 ] 46 root - INFO - Entered the save_object method of MainUtils class
[ 2025-04-11 18:42:37,458 ] 50 root - INFO - Exited the save_object method of MainUtils class
[ 2025-04-11 18:45:18,954 ] 46 root - INFO - Entered the save_object method of MainUtils class
[ 2025-04-11 18:45:18,956 ] 50 root - INFO - Exited the save_object method of MainUtils class
[ 2025-04-11 18:45:18,956 ] 46 root - INFO - Entered the save_object method of MainUtils class
[ 2025-04-11 18:45:18,987 ] 50 root - INFO - Exited the save_object method of MainUtils class
[ 2025-04-11 18:45:18,988 ] 156 root - INFO - Model trainer artifact: ModelTrainerArtifact(trained_model_file_path='Artifacts\\04_11_2025_18_42_12\\model_trainer\\trained_model\\model.pkl', train_metric_artifact=ClassificationMetricArtifact(f1_score=0.9919983794186165, precision_score=0.9906939105806191, recall_score=0.9933062880324544), test_metric_artifact=ClassificationMetricArtifact(f1_score=0.9702093397745571, precision_score=0.958631662688942, recall_score=0.9820700896495518))
