[ 2025-04-11 16:25:06,011 ] 1025 httpx - INFO - HTTP Request: GET https://dagshub.com/api/v1/user "HTTP/1.1 200 OK"
[ 2025-04-11 16:25:06,013 ] 107 dagshub - INFO - Accessing as abh.tft
[ 2025-04-11 16:25:10,310 ] 1025 httpx - INFO - HTTP Request: GET https://dagshub.com/api/v1/repos/abh.tft/networksecurity "HTTP/1.1 200 OK"
[ 2025-04-11 16:25:11,714 ] 1025 httpx - INFO - HTTP Request: GET https://dagshub.com/api/v1/user "HTTP/1.1 200 OK"
[ 2025-04-11 16:25:11,735 ] 107 dagshub - INFO - Initialized MLflow to track repo "abh.tft/networksecurity"
[ 2025-04-11 16:25:11,737 ] 107 dagshub - INFO - Repository abh.tft/networksecurity initialized!
[ 2025-04-11 16:33:27,027 ] 42 root - INFO - Start data Ingestion
[ 2025-04-11 16:33:27,179 ] 64 root - INFO - Performed train test split on the dataframe
[ 2025-04-11 16:33:27,179 ] 66 root - INFO - Exited split_data_as_train_test method of Data_Ingestion class
[ 2025-04-11 16:33:27,179 ] 74 root - INFO - Exporting train and test file path.
[ 2025-04-11 16:33:27,277 ] 83 root - INFO - Exported train and test file path.
[ 2025-04-11 16:33:27,277 ] 45 root - INFO - Data Ingestion completed and artifact: DataIngestionArtifact(trained_file_path='Artifacts\\04_11_2025_16_25_01\\data_ingestion\\ingested\\train.csv', test_file_path='Artifacts\\04_11_2025_16_25_01\\data_ingestion\\ingested\\test.csv')
[ 2025-04-11 16:33:27,292 ] 55 root - INFO - Initiate the data Validation
[ 2025-04-11 16:33:27,366 ] 32 root - INFO - Required number of columns:2
[ 2025-04-11 16:33:27,366 ] 33 root - INFO - Data frame has columns:31
[ 2025-04-11 16:33:27,366 ] 32 root - INFO - Required number of columns:2
[ 2025-04-11 16:33:27,367 ] 33 root - INFO - Data frame has columns:31
[ 2025-04-11 16:33:27,558 ] 63 root - INFO - Entered initiate_data_transformation method of DataTransformation class
[ 2025-04-11 16:33:27,559 ] 65 root - INFO - Starting data transformation
[ 2025-04-11 16:33:27,584 ] 48 root - INFO - Entered get_data_trnasformer_object method of Trnasformation class
[ 2025-04-11 16:33:27,585 ] 53 root - INFO - Initialise KNNImputer with {'missing_values': nan, 'n_neighbors': 3, 'weights': 'uniform'}
[ 2025-04-11 16:33:27,596 ] 46 root - INFO - Entered the save_object method of MainUtils class
[ 2025-04-11 16:33:27,602 ] 50 root - INFO - Exited the save_object method of MainUtils class
[ 2025-04-11 16:33:27,602 ] 46 root - INFO - Entered the save_object method of MainUtils class
[ 2025-04-11 16:33:27,604 ] 50 root - INFO - Exited the save_object method of MainUtils class
[ 2025-04-11 16:37:02,622 ] 46 root - INFO - Entered the save_object method of MainUtils class
[ 2025-04-11 16:37:02,624 ] 50 root - INFO - Exited the save_object method of MainUtils class
[ 2025-04-11 16:37:02,624 ] 46 root - INFO - Entered the save_object method of MainUtils class
[ 2025-04-11 16:37:02,648 ] 50 root - INFO - Exited the save_object method of MainUtils class
[ 2025-04-11 16:37:02,648 ] 156 root - INFO - Model trainer artifact: ModelTrainerArtifact(trained_model_file_path='Artifacts\\04_11_2025_16_25_01\\model_trainer\\trained_model\\model.pkl', train_metric_artifact=ClassificationMetricArtifact(f1_score=0.9904510361641609, precision_score=0.988242448814109, recall_score=0.9926695174098962), test_metric_artifact=ClassificationMetricArtifact(f1_score=0.9788084766093562, precision_score=0.9752988047808765, recall_score=0.9823434991974318))
